<?xml version="1.0" encoding="UTF-8"?>
<!-- Generated by org.testng.reporters.JUnitReportReporter -->
<testsuite hostname="DESKTOP-R5KFK61" name="com.yourcompany.SampleSauceTest" tests="1" failures="0" timestamp="11 Jul 2016 19:00:43 GMT" time="196.940" errors="0">
  <testcase name="main" time="196.940" classname="com.yourcompany.SampleSauceTest"/>
</testsuite> <!-- com.yourcompany.SampleSauceTest -->
