<?xml version="1.0" encoding="UTF-8"?>
<!-- Generated by org.testng.reporters.JUnitReportReporter -->
<testsuite hostname="DESKTOP-R5KFK61" name="com.yourcompany.Remote_SampleSauceTest" tests="1" failures="0" timestamp="20 Jul 2016 18:47:49 GMT" time="91.452" errors="0">
  <testcase name="main" time="91.452" classname="com.yourcompany.Remote_SampleSauceTest"/>
</testsuite> <!-- com.yourcompany.Remote_SampleSauceTest -->
